# JRE version: Java(TM) SE Runtime Environment (23.0.1+11) (build 23.0.1+11-39)
# Java VM: Java HotSpot(TM) 64-Bit Server VM (23.0.1+11-39, mixed mode, sharing, tiered, compressed oops, compressed class ptrs, g1 gc, windows-amd64)
GC Precious Log:
 CardTable entry size: 512
 Card Set container configuration: InlinePtr #cards 4 size 8 Array Of Cards #cards 32 size 80 Howl #buckets 8 coarsen threshold 7372 Howl Bitmap #cards 1024 size 144 coarsen threshold 921 Card regions per heap region 1 cards per card region 8192
 CPUs: 12 total, 12 available
 Memory: 23924M
 Large Page Support: Disabled
 NUMA Support: Disabled
 Compressed Oops: Enabled (Zero based)
 Heap Region Size: 4M
 Heap Min Capacity: 8M
 Heap Initial Capacity: 376M
 Heap Max Capacity: 5984M
 Pre-touch: Disabled
 Parallel Workers: 10
 Concurrent Workers: 3
 Concurrent Refinement Workers: 10
 Periodic GC: Disabled
Heap:
 garbage-first heap   total reserved 6127616K, committed 663552K, used 378541K [0x000000068a000000, 0x0000000800000000)
  region size 4096K, 2 young (8192K), 2 survivors (8192K)
 Metaspace       used 38338K, committed 39040K, reserved 1114112K
  class space    used 5370K, committed 5696K, reserved 1048576K
GC Heap History (20 events):
Event: 23.414 GC heap after
{Heap after GC invocations=16 (full 0):
 garbage-first heap   total reserved 6127616K, committed 274432K, used 225287K [0x000000068a000000, 0x0000000800000000)
  region size 4096K, 1 young (4096K), 1 survivors (4096K)
 Metaspace       used 34659K, committed 35200K, reserved 1114112K
  class space    used 4860K, committed 5120K, reserved 1048576K
}
Event: 24.405 GC heap before
{Heap before GC invocations=17 (full 0):
 garbage-first heap   total reserved 6127616K, committed 376832K, used 249863K [0x000000068a000000, 0x0000000800000000)
  region size 4096K, 5 young (20480K), 1 survivors (4096K)
 Metaspace       used 36957K, committed 37632K, reserved 1114112K
  class space    used 5201K, committed 5504K, reserved 1048576K
}
Event: 24.410 GC heap after
{Heap after GC invocations=18 (full 0):
 garbage-first heap   total reserved 6127616K, committed 376832K, used 240095K [0x000000068a000000, 0x0000000800000000)
  region size 4096K, 1 young (4096K), 1 survivors (4096K)
 Metaspace       used 36957K, committed 37632K, reserved 1114112K
  class space    used 5201K, committed 5504K, reserved 1048576K
}
Event: 27.424 GC heap before
{Heap before GC invocations=18 (full 0):
 garbage-first heap   total reserved 6127616K, committed 376832K, used 334303K [0x000000068a000000, 0x0000000800000000)
  region size 4096K, 21 young (86016K), 1 survivors (4096K)
 Metaspace       used 37695K, committed 38400K, reserved 1114112K
  class space    used 5248K, committed 5568K, reserved 1048576K
}
Event: 27.441 GC heap after
{Heap after GC invocations=19 (full 0):
 garbage-first heap   total reserved 6127616K, committed 401408K, used 289600K [0x000000068a000000, 0x0000000800000000)
  region size 4096K, 3 young (12288K), 3 survivors (12288K)
 Metaspace       used 37695K, committed 38400K, reserved 1114112K
  class space    used 5248K, committed 5568K, reserved 1048576K
}
Event: 28.509 GC heap before
{Heap before GC invocations=19 (full 0):
 garbage-first heap   total reserved 6127616K, committed 401408K, used 310080K [0x000000068a000000, 0x0000000800000000)
  region size 4096K, 10 young (40960K), 3 survivors (12288K)
 Metaspace       used 37708K, committed 38400K, reserved 1114112K
  class space    used 5248K, committed 5568K, reserved 1048576K
}
Event: 28.515 GC heap after
{Heap after GC invocations=20 (full 0):
 garbage-first heap   total reserved 6127616K, committed 401408K, used 329120K [0x000000068a000000, 0x0000000800000000)
  region size 4096K, 3 young (12288K), 3 survivors (12288K)
 Metaspace       used 37708K, committed 38400K, reserved 1114112K
  class space    used 5248K, committed 5568K, reserved 1048576K
}
Event: 31.975 GC heap before
{Heap before GC invocations=21 (full 0):
 garbage-first heap   total reserved 6127616K, committed 507904K, used 439712K [0x000000068a000000, 0x0000000800000000)
  region size 4096K, 10 young (40960K), 3 survivors (12288K)
 Metaspace       used 38315K, committed 38976K, reserved 1114112K
  class space    used 5375K, committed 5696K, reserved 1048576K
}
Event: 31.979 GC heap after
{Heap after GC invocations=22 (full 0):
 garbage-first heap   total reserved 6127616K, committed 507904K, used 432288K [0x000000068a000000, 0x0000000800000000)
  region size 4096K, 2 young (8192K), 2 survivors (8192K)
 Metaspace       used 38315K, committed 38976K, reserved 1114112K
  class space    used 5375K, committed 5696K, reserved 1048576K
}
Event: 32.023 GC heap before
{Heap before GC invocations=22 (full 0):
 garbage-first heap   total reserved 6127616K, committed 507904K, used 465056K [0x000000068a000000, 0x0000000800000000)
  region size 4096K, 10 young (40960K), 2 survivors (8192K)
 Metaspace       used 38339K, committed 38976K, reserved 1114112K
  class space    used 5375K, committed 5696K, reserved 1048576K
}
Event: 32.025 GC heap after
{Heap after GC invocations=23 (full 0):
 garbage-first heap   total reserved 6127616K, committed 507904K, used 427424K [0x000000068a000000, 0x0000000800000000)
  region size 4096K, 2 young (8192K), 2 survivors (8192K)
 Metaspace       used 38339K, committed 38976K, reserved 1114112K
  class space    used 5375K, committed 5696K, reserved 1048576K
}
Event: 32.056 GC heap before
{Heap before GC invocations=23 (full 0):
 garbage-first heap   total reserved 6127616K, committed 507904K, used 468384K [0x000000068a000000, 0x0000000800000000)
  region size 4096K, 12 young (49152K), 2 survivors (8192K)
 Metaspace       used 38364K, committed 39040K, reserved 1114112K
  class space    used 5378K, committed 5696K, reserved 1048576K
}
Event: 32.057 GC heap after
{Heap after GC invocations=24 (full 0):
 garbage-first heap   total reserved 6127616K, committed 507904K, used 424736K [0x000000068a000000, 0x0000000800000000)
  region size 4096K, 2 young (8192K), 2 survivors (8192K)
 Metaspace       used 38364K, committed 39040K, reserved 1114112K
  class space    used 5378K, committed 5696K, reserved 1048576K
}
Event: 32.092 GC heap before
{Heap before GC invocations=25 (full 0):
 garbage-first heap   total reserved 6127616K, committed 663552K, used 432928K [0x000000068a000000, 0x0000000800000000)
  region size 4096K, 12 young (49152K), 2 survivors (8192K)
 Metaspace       used 38338K, committed 39040K, reserved 1114112K
  class space    used 5370K, committed 5696K, reserved 1048576K
}
Event: 32.094 GC heap after
{Heap after GC invocations=26 (full 0):
 garbage-first heap   total reserved 6127616K, committed 663552K, used 391824K [0x000000068a000000, 0x0000000800000000)
  region size 4096K, 2 young (8192K), 2 survivors (8192K)
 Metaspace       used 38338K, committed 39040K, reserved 1114112K
  class space    used 5370K, committed 5696K, reserved 1048576K
}
Event: 32.116 GC heap before
{Heap before GC invocations=26 (full 0):
 garbage-first heap   total reserved 6127616K, committed 663552K, used 563856K [0x000000068a000000, 0x0000000800000000)
  region size 4096K, 44 young (180224K), 2 survivors (8192K)
 Metaspace       used 38338K, committed 39040K, reserved 1114112K
  class space    used 5370K, committed 5696K, reserved 1048576K
}
Event: 32.120 GC heap after
{Heap after GC invocations=27 (full 0):
 garbage-first heap   total reserved 6127616K, committed 663552K, used 378877K [0x000000068a000000, 0x0000000800000000)
  region size 4096K, 2 young (8192K), 2 survivors (8192K)
 Metaspace       used 38338K, committed 39040K, reserved 1114112K
  class space    used 5370K, committed 5696K, reserved 1048576K
}
Event: 32.139 GC heap before
{Heap before GC invocations=27 (full 0):
 garbage-first heap   total reserved 6127616K, committed 663552K, used 538621K [0x000000068a000000, 0x0000000800000000)
  region size 4096K, 41 young (167936K), 2 survivors (8192K)
 Metaspace       used 38338K, committed 39040K, reserved 1114112K
  class space    used 5370K, committed 5696K, reserved 1048576K
}
Event: 32.141 GC heap after
{Heap after GC invocations=28 (full 0):
 garbage-first heap   total reserved 6127616K, committed 663552K, used 379239K [0x000000068a000000, 0x0000000800000000)
  region size 4096K, 2 young (8192K), 2 survivors (8192K)
 Metaspace       used 38338K, committed 39040K, reserved 1114112K
  class space    used 5370K, committed 5696K, reserved 1048576K
}
Event: 32.159 GC heap before
{Heap before GC invocations=29 (full 0):
 garbage-first heap   total reserved 6127616K, committed 663552K, used 563559K [0x000000068a000000, 0x0000000800000000)
  region size 4096K, 47 young (192512K), 2 survivors (8192K)
 Metaspace       used 38338K, committed 39040K, reserved 1114112K
  class space    used 5370K, committed 5696K, reserved 1048576K
}

